[ 2013-04-26T10:16:13+08:00 ] ERR: (ThinkException) 无法加载模块Member
[ 2013-04-26T15:24:19+08:00 ] ERR: (ThinkException) 表达式错误:or
[ 2013-04-26T15:26:30+08:00 ] ERR: (ThinkException) 表达式错误:or
[ 2013-04-26T15:26:31+08:00 ] ERR: (ThinkException) 表达式错误:or
[ 2013-04-26T15:26:31+08:00 ] ERR: (ThinkException) 表达式错误:or
[ 2013-04-26T15:26:32+08:00 ] ERR: (ThinkException) 表达式错误:or
[ 2013-04-26T15:26:32+08:00 ] ERR: (ThinkException) 表达式错误:or
[ 2013-04-26T15:26:56+08:00 ] ERR: (ThinkException) 表达式错误:2
[ 2013-04-26T15:26:56+08:00 ] ERR: (ThinkException) 表达式错误:2
[ 2013-04-26T15:26:56+08:00 ] ERR: (ThinkException) 表达式错误:2
[ 2013-04-26T15:27:08+08:00 ] ERR: (ThinkException) 表达式错误:2
[ 2013-04-26T15:27:08+08:00 ] ERR: (ThinkException) 表达式错误:2
[ 2013-04-26T15:27:08+08:00 ] ERR: (ThinkException) 表达式错误:2
[ 2013-04-26T15:27:08+08:00 ] ERR: (ThinkException) 表达式错误:2
[ 2013-04-26T15:27:08+08:00 ] ERR: (ThinkException) 表达式错误:2
[ 2013-04-26T15:27:12+08:00 ] ERR: (ThinkException) 表达式错误:2
[ 2013-04-26T15:27:12+08:00 ] ERR: (ThinkException) 表达式错误:2
[ 2013-04-26T16:49:00+08:00 ] ERR: (ThinkException) 无法加载模块Member
[ 2013-04-26T16:51:09+08:00 ] ERR: (ThinkException) 无法加载模块Member
[ 2013-04-26T17:04:56+08:00 ] ERR: (ThinkException) Model:forbid您所请求的方法不存在！
[ 2013-04-26T17:06:10+08:00 ] ERR: (ThinkException) Model:forbid您所请求的方法不存在！
[ 2013-04-26T17:09:40+08:00 ] ERR: (ThinkException) Model:forbid您所请求的方法不存在！
[ 2013-04-26T17:10:34+08:00 ] ERR: (ThinkException) Model:forbid您所请求的方法不存在！
[ 2013-04-26T17:10:35+08:00 ] ERR: (ThinkException) Model:forbid您所请求的方法不存在！
[ 2013-04-26T17:11:24+08:00 ] ERR: (ThinkException) Model:forbid您所请求的方法不存在！
[ 2013-04-26T17:12:28+08:00 ] ERR: (ThinkException) Model:forbid您所请求的方法不存在！
[ 2013-04-26T17:12:29+08:00 ] ERR: (ThinkException) Model:forbid您所请求的方法不存在！
[ 2013-04-26T17:12:29+08:00 ] ERR: (ThinkException) Model:forbid您所请求的方法不存在！
[ 2013-04-26T17:12:29+08:00 ] ERR: (ThinkException) Model:forbid您所请求的方法不存在！
[ 2013-04-26T17:14:19+08:00 ] ERR: (ThinkException) Model:forbid您所请求的方法不存在！
[ 2013-04-26T17:16:45+08:00 ] ERR: (ThinkException) 无法加载模块User?m=User
[ 2013-04-26T17:26:39+08:00 ] ERR: (ThinkException) 无法加载模块User?m=User
[ 2013-04-26T17:26:46+08:00 ] ERR: (ThinkException) 无法加载模块User?m=User
[ 2013-04-26T17:26:51+08:00 ] ERR: (ThinkException) 无法加载模块User?m=User
[ 2013-04-26T17:26:57+08:00 ] ERR: (ThinkException) 无法加载模块User?m=User
[ 2013-04-26T17:27:05+08:00 ] ERR: (ThinkException) 无法加载模块User?m=User
[ 2013-04-26T17:27:19+08:00 ] ERR: (ThinkException) 无法加载模块User?m=User
[ 2013-04-26T17:49:49+08:00 ] ERR: (ThinkException) 无法加载模块User?m=User
[ 2013-04-26T17:50:21+08:00 ] ERR: (ThinkException) 无法加载模块User?m=User
[ 2013-04-26T17:50:53+08:00 ] ERR: (ThinkException) 无法加载模块User?m=User
