[ 2014-06-12T13:03:07+08:00 ] SQL: SHOW COLUMNS FROM on_user [ RunTime:0.053394s ]
[ 2014-06-12T13:03:07+08:00 ] SQL: SELECT * FROM `on_user` WHERE ( `account` = '2280259901@qq.com' ) AND ( `status` > 0 ) LIMIT 1  [ RunTime:0.000589s ]
[ 2014-06-12T13:03:07+08:00 ] SQL: UPDATE `on_user` SET `last_login_time`=1402549387,`login_count`=login_count+1,`last_login_ip`='127.0.0.1' WHERE id='70' [ RunTime:0.000343s ]
[ 2014-06-12T13:03:07+08:00 ] NOTIC: [8] Undefined index: administrator RBAC.class.php 第 92 行.
[ 2014-06-12T13:03:07+08:00 ] SQL: select node.id,node.name from role as role,role_user as user,access as access ,node as node where user.user_id='70' and user.role_id=role.id and ( access.role_id=role.id  or (access.role_id=role.pid and role.pid!=0 ) ) and role.status=1 and access.node_id=node.id and node.level=1 and node.status=1 [ RunTime:0.000520s ]
[ 2014-06-12T13:03:07+08:00 ] NOTIC: [2] Invalid argument supplied for foreach() RBAC.class.php 第 221 行.
[ 2014-06-12T13:03:08+08:00 ] NOTIC: [2048] Declaration of IndexAction::index() should be compatible with that of CommonAction::index() IndexAction.class.php 第 2 行.
[ 2014-06-12T13:03:08+08:00 ] NOTIC: [8] Undefined index: 7195a62edfd11a40a68c77ff40ee98a6 RBAC.class.php 第 176 行.
[ 2014-06-12T13:03:08+08:00 ] SQL: SHOW COLUMNS FROM on_restaurant_member [ RunTime:0.034311s ]
[ 2014-06-12T13:03:08+08:00 ] SQL: SHOW COLUMNS FROM on_billhead [ RunTime:0.004366s ]
[ 2014-06-12T13:03:08+08:00 ] SQL: SELECT * FROM `on_restaurant_member` WHERE ( `user_id` = '70' ) [ RunTime:0.000531s ]
[ 2014-06-12T13:03:08+08:00 ] SQL: SELECT COUNT(*) AS tp_count FROM `on_restaurant_member` WHERE ( `user_id` = '70' ) LIMIT 1  [ RunTime:0.000242s ]
[ 2014-06-12T13:03:08+08:00 ] NOTIC: [8] Undefined index: restaurant_id IndexAction.class.php 第 74 行.
[ 2014-06-12T13:03:08+08:00 ] SQL: SELECT COUNT(*) AS tp_count FROM `on_billhead` WHERE ( `restaurant_id` = null ) LIMIT 1  [ RunTime:0.000208s ]
[ 2014-06-12T13:06:17+08:00 ] SQL: SHOW COLUMNS FROM on_user [ RunTime:0.005268s ]
[ 2014-06-12T13:06:17+08:00 ] SQL: SELECT * FROM `on_user` WHERE ( `account` = '2280259901@qq.com' ) AND ( `status` > 0 ) LIMIT 1  [ RunTime:0.000502s ]
[ 2014-06-12T13:06:17+08:00 ] SQL: UPDATE `on_user` SET `last_login_time`=1402549577,`login_count`=login_count+1,`last_login_ip`='127.0.0.1' WHERE id='70' [ RunTime:0.000325s ]
[ 2014-06-12T13:06:17+08:00 ] NOTIC: [8] Undefined index: administrator RBAC.class.php 第 92 行.
[ 2014-06-12T13:06:17+08:00 ] SQL: select node.id,node.name from role as role,role_user as user,access as access ,node as node where user.user_id='70' and user.role_id=role.id and ( access.role_id=role.id  or (access.role_id=role.pid and role.pid!=0 ) ) and role.status=1 and access.node_id=node.id and node.level=1 and node.status=1 [ RunTime:0.000479s ]
[ 2014-06-12T13:06:17+08:00 ] NOTIC: [2] Invalid argument supplied for foreach() RBAC.class.php 第 221 行.
[ 2014-06-12T13:06:19+08:00 ] SQL: SHOW COLUMNS FROM on_user [ RunTime:0.006636s ]
[ 2014-06-12T13:06:19+08:00 ] SQL: SELECT * FROM `on_user` WHERE ( `account` = '2280259901@qq.com' ) AND ( `status` > 0 ) LIMIT 1  [ RunTime:0.000806s ]
[ 2014-06-12T13:06:19+08:00 ] SQL: UPDATE `on_user` SET `last_login_time`=1402549579,`login_count`=login_count+1,`last_login_ip`='127.0.0.1' WHERE id='70' [ RunTime:0.000414s ]
[ 2014-06-12T13:06:19+08:00 ] NOTIC: [8] Undefined index: administrator RBAC.class.php 第 92 行.
[ 2014-06-12T13:06:19+08:00 ] SQL: select node.id,node.name from role as role,role_user as user,access as access ,node as node where user.user_id='70' and user.role_id=role.id and ( access.role_id=role.id  or (access.role_id=role.pid and role.pid!=0 ) ) and role.status=1 and access.node_id=node.id and node.level=1 and node.status=1 [ RunTime:0.000543s ]
[ 2014-06-12T13:06:19+08:00 ] NOTIC: [2] Invalid argument supplied for foreach() RBAC.class.php 第 221 行.
[ 2014-06-12T13:06:20+08:00 ] SQL: SHOW COLUMNS FROM on_user [ RunTime:0.004778s ]
[ 2014-06-12T13:06:20+08:00 ] SQL: SELECT * FROM `on_user` WHERE ( `account` = '2280259901@qq.com' ) AND ( `status` > 0 ) LIMIT 1  [ RunTime:0.000557s ]
[ 2014-06-12T13:06:20+08:00 ] SQL: UPDATE `on_user` SET `last_login_time`=1402549580,`login_count`=login_count+1,`last_login_ip`='127.0.0.1' WHERE id='70' [ RunTime:0.000379s ]
[ 2014-06-12T13:06:20+08:00 ] NOTIC: [8] Undefined index: administrator RBAC.class.php 第 92 行.
[ 2014-06-12T13:06:20+08:00 ] SQL: select node.id,node.name from role as role,role_user as user,access as access ,node as node where user.user_id='70' and user.role_id=role.id and ( access.role_id=role.id  or (access.role_id=role.pid and role.pid!=0 ) ) and role.status=1 and access.node_id=node.id and node.level=1 and node.status=1 [ RunTime:0.000567s ]
[ 2014-06-12T13:06:20+08:00 ] NOTIC: [2] Invalid argument supplied for foreach() RBAC.class.php 第 221 行.
[ 2014-06-12T13:06:21+08:00 ] SQL: SHOW COLUMNS FROM on_user [ RunTime:0.004453s ]
[ 2014-06-12T13:06:21+08:00 ] SQL: SELECT * FROM `on_user` WHERE ( `account` = '2280259901@qq.com' ) AND ( `status` > 0 ) LIMIT 1  [ RunTime:0.000522s ]
[ 2014-06-12T13:06:21+08:00 ] SQL: UPDATE `on_user` SET `last_login_time`=1402549581,`login_count`=login_count+1,`last_login_ip`='127.0.0.1' WHERE id='70' [ RunTime:0.000324s ]
[ 2014-06-12T13:06:21+08:00 ] NOTIC: [8] Undefined index: administrator RBAC.class.php 第 92 行.
[ 2014-06-12T13:06:21+08:00 ] SQL: select node.id,node.name from role as role,role_user as user,access as access ,node as node where user.user_id='70' and user.role_id=role.id and ( access.role_id=role.id  or (access.role_id=role.pid and role.pid!=0 ) ) and role.status=1 and access.node_id=node.id and node.level=1 and node.status=1 [ RunTime:0.000600s ]
[ 2014-06-12T13:06:21+08:00 ] NOTIC: [2] Invalid argument supplied for foreach() RBAC.class.php 第 221 行.
[ 2014-06-12T13:06:34+08:00 ] SQL: SHOW COLUMNS FROM on_user [ RunTime:0.004576s ]
[ 2014-06-12T13:06:34+08:00 ] SQL: SELECT * FROM `on_user` WHERE ( `account` = '2280259901@qq.com' ) AND ( `status` > 0 ) LIMIT 1  [ RunTime:0.000557s ]
[ 2014-06-12T13:06:34+08:00 ] SQL: UPDATE `on_user` SET `last_login_time`=1402549594,`login_count`=login_count+1,`last_login_ip`='127.0.0.1' WHERE id='70' [ RunTime:0.000388s ]
[ 2014-06-12T13:06:34+08:00 ] NOTIC: [8] Undefined index: administrator RBAC.class.php 第 92 行.
[ 2014-06-12T13:06:34+08:00 ] SQL: select node.id,node.name from role as role,role_user as user,access as access ,node as node where user.user_id='70' and user.role_id=role.id and ( access.role_id=role.id  or (access.role_id=role.pid and role.pid!=0 ) ) and role.status=1 and access.node_id=node.id and node.level=1 and node.status=1 [ RunTime:0.000556s ]
[ 2014-06-12T13:06:34+08:00 ] NOTIC: [2] Invalid argument supplied for foreach() RBAC.class.php 第 221 行.
[ 2014-06-12T13:06:35+08:00 ] NOTIC: [2048] Declaration of IndexAction::index() should be compatible with that of CommonAction::index() IndexAction.class.php 第 2 行.
[ 2014-06-12T13:06:35+08:00 ] NOTIC: [8] Undefined index: 7195a62edfd11a40a68c77ff40ee98a6 RBAC.class.php 第 176 行.
[ 2014-06-12T13:06:35+08:00 ] SQL: SHOW COLUMNS FROM on_restaurant_member [ RunTime:0.005779s ]
[ 2014-06-12T13:06:35+08:00 ] SQL: SHOW COLUMNS FROM on_billhead [ RunTime:0.004469s ]
[ 2014-06-12T13:06:35+08:00 ] SQL: SELECT * FROM `on_restaurant_member` WHERE ( `user_id` = '70' ) [ RunTime:0.000583s ]
[ 2014-06-12T13:06:35+08:00 ] SQL: SELECT COUNT(*) AS tp_count FROM `on_restaurant_member` WHERE ( `user_id` = '70' ) LIMIT 1  [ RunTime:0.000295s ]
[ 2014-06-12T13:06:35+08:00 ] NOTIC: [8] Undefined index: restaurant_id IndexAction.class.php 第 74 行.
[ 2014-06-12T13:06:35+08:00 ] SQL: SELECT COUNT(*) AS tp_count FROM `on_billhead` WHERE ( `restaurant_id` = null ) LIMIT 1  [ RunTime:0.000273s ]
[ 2014-06-12T13:11:55+08:00 ] NOTIC: [8] Undefined index: authId PublicAction.class.php 第 126 行.
[ 2014-06-12T13:12:11+08:00 ] NOTIC: [8] Undefined index: authId PublicAction.class.php 第 126 行.
[ 2014-06-12T13:12:11+08:00 ] NOTIC: [8] Undefined index: authId PublicAction.class.php 第 126 行.
[ 2014-06-12T13:12:26+08:00 ] NOTIC: [8] Undefined index: authId PublicAction.class.php 第 126 行.
[ 2014-06-12T13:12:30+08:00 ] SQL: SHOW COLUMNS FROM on_user [ RunTime:0.011112s ]
[ 2014-06-12T13:12:30+08:00 ] SQL: SELECT * FROM `on_user` WHERE ( `account` = '2280259901@qq.com' ) AND ( `status` > 0 ) LIMIT 1  [ RunTime:0.000662s ]
[ 2014-06-12T13:12:30+08:00 ] SQL: UPDATE `on_user` SET `last_login_time`=1402549950,`login_count`=login_count+1,`last_login_ip`='127.0.0.1' WHERE id='70' [ RunTime:0.000332s ]
[ 2014-06-12T13:12:30+08:00 ] NOTIC: [8] Undefined index: administrator RBAC.class.php 第 92 行.
[ 2014-06-12T13:12:30+08:00 ] SQL: select node.id,node.name from role as role,role_user as user,access as access ,node as node where user.user_id='70' and user.role_id=role.id and ( access.role_id=role.id  or (access.role_id=role.pid and role.pid!=0 ) ) and role.status=1 and access.node_id=node.id and node.level=1 and node.status=1 [ RunTime:0.000508s ]
[ 2014-06-12T13:12:30+08:00 ] NOTIC: [2] Invalid argument supplied for foreach() RBAC.class.php 第 221 行.
[ 2014-06-12T13:25:47+08:00 ] NOTIC: [2048] Declaration of IndexAction::index() should be compatible with that of CommonAction::index() IndexAction.class.php 第 2 行.
[ 2014-06-12T13:25:47+08:00 ] NOTIC: [8] Undefined index: 7195a62edfd11a40a68c77ff40ee98a6 RBAC.class.php 第 176 行.
[ 2014-06-12T13:25:47+08:00 ] SQL: SHOW COLUMNS FROM on_restaurant_member [ RunTime:0.008572s ]
[ 2014-06-12T13:25:47+08:00 ] SQL: SHOW COLUMNS FROM on_billhead [ RunTime:0.014028s ]
[ 2014-06-12T13:25:47+08:00 ] SQL: SELECT * FROM `on_restaurant_member` WHERE ( `user_id` = '70' ) [ RunTime:0.000817s ]
[ 2014-06-12T13:25:47+08:00 ] SQL: SELECT COUNT(*) AS tp_count FROM `on_restaurant_member` WHERE ( `user_id` = '70' ) LIMIT 1  [ RunTime:0.000346s ]
[ 2014-06-12T13:25:47+08:00 ] NOTIC: [8] Undefined index: restaurant_id IndexAction.class.php 第 74 行.
[ 2014-06-12T13:25:47+08:00 ] SQL: SELECT COUNT(*) AS tp_count FROM `on_billhead` WHERE ( `restaurant_id` = null ) LIMIT 1  [ RunTime:0.000243s ]
[ 2014-06-12T13:26:58+08:00 ] NOTIC: [2048] Declaration of IndexAction::index() should be compatible with that of CommonAction::index() IndexAction.class.php 第 2 行.
[ 2014-06-12T13:26:58+08:00 ] SQL: SHOW COLUMNS FROM on_restaurant_member [ RunTime:0.004806s ]
[ 2014-06-12T13:26:58+08:00 ] SQL: SHOW COLUMNS FROM on_billhead [ RunTime:0.004026s ]
[ 2014-06-12T13:26:58+08:00 ] SQL: SELECT * FROM `on_restaurant_member` WHERE ( `user_id` = '70' ) [ RunTime:0.000958s ]
[ 2014-06-12T13:26:58+08:00 ] SQL: SELECT COUNT(*) AS tp_count FROM `on_restaurant_member` WHERE ( `user_id` = '70' ) LIMIT 1  [ RunTime:0.001144s ]
[ 2014-06-12T13:26:58+08:00 ] NOTIC: [8] Undefined index: restaurant_id IndexAction.class.php 第 74 行.
[ 2014-06-12T13:26:58+08:00 ] SQL: SELECT COUNT(*) AS tp_count FROM `on_billhead` WHERE ( `restaurant_id` = null ) LIMIT 1  [ RunTime:0.000356s ]
[ 2014-06-12T13:32:05+08:00 ] NOTIC: [2048] Declaration of IndexAction::index() should be compatible with that of CommonAction::index() IndexAction.class.php 第 2 行.
[ 2014-06-12T13:32:38+08:00 ] NOTIC: [2048] Declaration of IndexAction::index() should be compatible with that of CommonAction::index() IndexAction.class.php 第 2 行.
[ 2014-06-12T13:32:47+08:00 ] NOTIC: [2048] Declaration of IndexAction::index() should be compatible with that of CommonAction::index() IndexAction.class.php 第 2 行.
[ 2014-06-12T13:33:10+08:00 ] NOTIC: [2048] Declaration of IndexAction::index() should be compatible with that of CommonAction::index() IndexAction.class.php 第 2 行.
[ 2014-06-12T13:33:17+08:00 ] NOTIC: [2048] Declaration of IndexAction::index() should be compatible with that of CommonAction::index() IndexAction.class.php 第 2 行.
[ 2014-06-12T13:38:01+08:00 ] NOTIC: [2048] Declaration of IndexAction::index() should be compatible with that of CommonAction::index() IndexAction.class.php 第 2 行.
[ 2014-06-12T13:38:01+08:00 ] SQL: SHOW COLUMNS FROM on_restaurant_member [ RunTime:0.005043s ]
[ 2014-06-12T13:38:01+08:00 ] SQL: SHOW COLUMNS FROM on_billhead [ RunTime:0.005190s ]
[ 2014-06-12T13:38:01+08:00 ] SQL: SELECT * FROM `on_restaurant_member` WHERE ( `user_id` = '70' ) [ RunTime:0.001504s ]
[ 2014-06-12T13:38:01+08:00 ] SQL: SELECT COUNT(*) AS tp_count FROM `on_restaurant_member` WHERE ( `user_id` = '70' ) LIMIT 1  [ RunTime:0.000576s ]
[ 2014-06-12T13:38:01+08:00 ] NOTIC: [8] Undefined index: restaurant_id IndexAction.class.php 第 74 行.
[ 2014-06-12T13:38:01+08:00 ] SQL: SELECT COUNT(*) AS tp_count FROM `on_billhead` WHERE ( `restaurant_id` = null ) LIMIT 1  [ RunTime:0.000434s ]
[ 2014-06-12T13:38:22+08:00 ] NOTIC: [2048] Declaration of IndexAction::index() should be compatible with that of CommonAction::index() IndexAction.class.php 第 2 行.
[ 2014-06-12T13:38:22+08:00 ] NOTIC: [8] Undefined index: 7195a62edfd11a40a68c77ff40ee98a6 RBAC.class.php 第 176 行.
[ 2014-06-12T13:38:22+08:00 ] NOTIC: [8] Undefined index: _ACCESS_LIST RBAC.class.php 第 180 行.
[ 2014-06-12T13:38:22+08:00 ] NOTIC: [8] Undefined index: authId CommonAction.class.php 第 25 行.
[ 2014-06-12T13:38:22+08:00 ] SQL: SHOW COLUMNS FROM on_restaurant_member [ RunTime:0.006667s ]
[ 2014-06-12T13:38:22+08:00 ] SQL: SHOW COLUMNS FROM on_billhead [ RunTime:0.005128s ]
[ 2014-06-12T13:38:22+08:00 ] NOTIC: [8] Undefined index: authId IndexAction.class.php 第 70 行.
[ 2014-06-12T13:38:22+08:00 ] NOTIC: [8] Undefined variable: list IndexAction.class.php 第 79 行.
[ 2014-06-12T13:38:27+08:00 ] NOTIC: [2048] Declaration of IndexAction::index() should be compatible with that of CommonAction::index() IndexAction.class.php 第 2 行.
[ 2014-06-12T13:38:27+08:00 ] NOTIC: [8] Undefined index: _ACCESS_LIST RBAC.class.php 第 180 行.
[ 2014-06-12T13:38:27+08:00 ] NOTIC: [8] Undefined index: authId CommonAction.class.php 第 25 行.
[ 2014-06-12T13:38:27+08:00 ] SQL: SHOW COLUMNS FROM on_restaurant_member [ RunTime:0.005288s ]
[ 2014-06-12T13:38:27+08:00 ] SQL: SHOW COLUMNS FROM on_billhead [ RunTime:0.006431s ]
[ 2014-06-12T13:38:27+08:00 ] NOTIC: [8] Undefined index: authId IndexAction.class.php 第 70 行.
[ 2014-06-12T13:38:27+08:00 ] NOTIC: [8] Undefined variable: list IndexAction.class.php 第 79 行.
[ 2014-06-12T13:39:16+08:00 ] NOTIC: [2048] Declaration of IndexAction::index() should be compatible with that of CommonAction::index() IndexAction.class.php 第 2 行.
[ 2014-06-12T13:39:16+08:00 ] NOTIC: [8] Undefined index: _ACCESS_LIST RBAC.class.php 第 180 行.
[ 2014-06-12T13:39:16+08:00 ] NOTIC: [8] Undefined index: authId CommonAction.class.php 第 25 行.
[ 2014-06-12T13:39:16+08:00 ] SQL: SHOW COLUMNS FROM on_restaurant_member [ RunTime:0.007179s ]
[ 2014-06-12T13:39:16+08:00 ] SQL: SHOW COLUMNS FROM on_billhead [ RunTime:0.008874s ]
[ 2014-06-12T13:39:16+08:00 ] NOTIC: [8] Undefined index: authId IndexAction.class.php 第 70 行.
[ 2014-06-12T13:39:16+08:00 ] NOTIC: [8] Undefined variable: list IndexAction.class.php 第 79 行.
[ 2014-06-12T13:39:17+08:00 ] NOTIC: [2048] Declaration of IndexAction::index() should be compatible with that of CommonAction::index() IndexAction.class.php 第 2 行.
[ 2014-06-12T13:39:17+08:00 ] NOTIC: [8] Undefined index: _ACCESS_LIST RBAC.class.php 第 180 行.
[ 2014-06-12T13:39:17+08:00 ] NOTIC: [8] Undefined index: authId CommonAction.class.php 第 25 行.
[ 2014-06-12T13:39:17+08:00 ] SQL: SHOW COLUMNS FROM on_restaurant_member [ RunTime:0.008690s ]
[ 2014-06-12T13:39:17+08:00 ] SQL: SHOW COLUMNS FROM on_billhead [ RunTime:0.004879s ]
[ 2014-06-12T13:39:17+08:00 ] NOTIC: [8] Undefined index: authId IndexAction.class.php 第 70 行.
[ 2014-06-12T13:39:17+08:00 ] NOTIC: [8] Undefined variable: list IndexAction.class.php 第 79 行.
[ 2014-06-12T14:13:22+08:00 ] NOTIC: [2048] Declaration of IndexAction::index() should be compatible with that of CommonAction::index() IndexAction.class.php 第 2 行.
[ 2014-06-12T14:13:22+08:00 ] SQL: SHOW COLUMNS FROM on_restaurant_member [ RunTime:0.006032s ]
[ 2014-06-12T14:13:22+08:00 ] SQL: SHOW COLUMNS FROM on_billhead [ RunTime:0.005242s ]
[ 2014-06-12T14:13:22+08:00 ] NOTIC: [8] Undefined index: authId IndexAction.class.php 第 70 行.
[ 2014-06-12T14:13:22+08:00 ] NOTIC: [8] Undefined index: authId IndexAction.class.php 第 72 行.
[ 2014-06-12T14:13:22+08:00 ] SQL: SELECT * FROM `on_restaurant_member` WHERE ( `user_id` = null ) [ RunTime:0.000526s ]
[ 2014-06-12T14:13:22+08:00 ] NOTIC: [8] Undefined index: authId IndexAction.class.php 第 73 行.
[ 2014-06-12T14:13:22+08:00 ] SQL: SELECT COUNT(*) AS tp_count FROM `on_restaurant_member` WHERE ( `user_id` = null ) LIMIT 1  [ RunTime:0.000240s ]
[ 2014-06-12T14:13:22+08:00 ] NOTIC: [8] Undefined index: restaurant_id IndexAction.class.php 第 74 行.
[ 2014-06-12T14:13:22+08:00 ] SQL: SELECT COUNT(*) AS tp_count FROM `on_billhead` WHERE ( `restaurant_id` = null ) LIMIT 1  [ RunTime:0.000340s ]
[ 2014-06-12T14:13:27+08:00 ] NOTIC: [2048] Declaration of IndexAction::index() should be compatible with that of CommonAction::index() IndexAction.class.php 第 2 行.
[ 2014-06-12T14:13:27+08:00 ] SQL: SHOW COLUMNS FROM on_restaurant_member [ RunTime:0.005023s ]
[ 2014-06-12T14:13:27+08:00 ] SQL: SHOW COLUMNS FROM on_billhead [ RunTime:0.004581s ]
[ 2014-06-12T14:13:27+08:00 ] NOTIC: [8] Undefined index: authId IndexAction.class.php 第 70 行.
[ 2014-06-12T14:13:27+08:00 ] NOTIC: [8] Undefined index: authId IndexAction.class.php 第 72 行.
[ 2014-06-12T14:13:27+08:00 ] SQL: SELECT * FROM `on_restaurant_member` WHERE ( `user_id` = null ) [ RunTime:0.000660s ]
[ 2014-06-12T14:13:27+08:00 ] NOTIC: [8] Undefined index: authId IndexAction.class.php 第 73 行.
[ 2014-06-12T14:13:27+08:00 ] SQL: SELECT COUNT(*) AS tp_count FROM `on_restaurant_member` WHERE ( `user_id` = null ) LIMIT 1  [ RunTime:0.000665s ]
[ 2014-06-12T14:13:27+08:00 ] NOTIC: [8] Undefined index: restaurant_id IndexAction.class.php 第 74 行.
[ 2014-06-12T14:13:27+08:00 ] SQL: SELECT COUNT(*) AS tp_count FROM `on_billhead` WHERE ( `restaurant_id` = null ) LIMIT 1  [ RunTime:0.000655s ]
[ 2014-06-12T14:13:43+08:00 ] NOTIC: [2048] Declaration of IndexAction::index() should be compatible with that of CommonAction::index() IndexAction.class.php 第 2 行.
[ 2014-06-12T14:13:43+08:00 ] SQL: SHOW COLUMNS FROM on_restaurant_member [ RunTime:0.006930s ]
[ 2014-06-12T14:13:43+08:00 ] SQL: SHOW COLUMNS FROM on_billhead [ RunTime:0.004554s ]
[ 2014-06-12T14:13:43+08:00 ] NOTIC: [8] Undefined index: authId IndexAction.class.php 第 70 行.
[ 2014-06-12T14:13:43+08:00 ] NOTIC: [8] Undefined index: authId IndexAction.class.php 第 72 行.
[ 2014-06-12T14:13:43+08:00 ] SQL: SELECT * FROM `on_restaurant_member` WHERE ( `user_id` = null ) [ RunTime:0.001454s ]
[ 2014-06-12T14:13:43+08:00 ] NOTIC: [8] Undefined index: authId IndexAction.class.php 第 73 行.
[ 2014-06-12T14:13:43+08:00 ] SQL: SELECT COUNT(*) AS tp_count FROM `on_restaurant_member` WHERE ( `user_id` = null ) LIMIT 1  [ RunTime:0.000619s ]
[ 2014-06-12T14:13:43+08:00 ] NOTIC: [8] Undefined index: restaurant_id IndexAction.class.php 第 74 行.
[ 2014-06-12T14:13:43+08:00 ] SQL: SELECT COUNT(*) AS tp_count FROM `on_billhead` WHERE ( `restaurant_id` = null ) LIMIT 1  [ RunTime:0.000392s ]
[ 2014-06-12T14:13:45+08:00 ] NOTIC: [2048] Declaration of IndexAction::index() should be compatible with that of CommonAction::index() IndexAction.class.php 第 2 行.
[ 2014-06-12T14:13:45+08:00 ] SQL: SHOW COLUMNS FROM on_restaurant_member [ RunTime:0.005940s ]
[ 2014-06-12T14:13:45+08:00 ] SQL: SHOW COLUMNS FROM on_billhead [ RunTime:0.006929s ]
[ 2014-06-12T14:13:45+08:00 ] NOTIC: [8] Undefined index: authId IndexAction.class.php 第 70 行.
[ 2014-06-12T14:13:45+08:00 ] NOTIC: [8] Undefined index: authId IndexAction.class.php 第 72 行.
[ 2014-06-12T14:13:45+08:00 ] SQL: SELECT * FROM `on_restaurant_member` WHERE ( `user_id` = null ) [ RunTime:0.000801s ]
[ 2014-06-12T14:13:45+08:00 ] NOTIC: [8] Undefined index: authId IndexAction.class.php 第 73 行.
[ 2014-06-12T14:13:45+08:00 ] SQL: SELECT COUNT(*) AS tp_count FROM `on_restaurant_member` WHERE ( `user_id` = null ) LIMIT 1  [ RunTime:0.000362s ]
[ 2014-06-12T14:13:45+08:00 ] NOTIC: [8] Undefined index: restaurant_id IndexAction.class.php 第 74 行.
[ 2014-06-12T14:13:45+08:00 ] SQL: SELECT COUNT(*) AS tp_count FROM `on_billhead` WHERE ( `restaurant_id` = null ) LIMIT 1  [ RunTime:0.000264s ]
[ 2014-06-12T14:13:54+08:00 ] NOTIC: [2048] Declaration of IndexAction::index() should be compatible with that of CommonAction::index() IndexAction.class.php 第 2 行.
[ 2014-06-12T14:13:54+08:00 ] SQL: SHOW COLUMNS FROM on_restaurant_member [ RunTime:0.004987s ]
[ 2014-06-12T14:13:54+08:00 ] SQL: SHOW COLUMNS FROM on_billhead [ RunTime:0.004962s ]
[ 2014-06-12T14:13:54+08:00 ] NOTIC: [8] Undefined index: authId IndexAction.class.php 第 70 行.
[ 2014-06-12T14:13:54+08:00 ] NOTIC: [8] Undefined index: authId IndexAction.class.php 第 72 行.
[ 2014-06-12T14:13:54+08:00 ] SQL: SELECT * FROM `on_restaurant_member` WHERE ( `user_id` = null ) [ RunTime:0.000522s ]
[ 2014-06-12T14:13:54+08:00 ] NOTIC: [8] Undefined index: authId IndexAction.class.php 第 73 行.
[ 2014-06-12T14:13:54+08:00 ] SQL: SELECT COUNT(*) AS tp_count FROM `on_restaurant_member` WHERE ( `user_id` = null ) LIMIT 1  [ RunTime:0.000241s ]
[ 2014-06-12T14:13:54+08:00 ] NOTIC: [8] Undefined index: restaurant_id IndexAction.class.php 第 74 行.
[ 2014-06-12T14:13:54+08:00 ] SQL: SELECT COUNT(*) AS tp_count FROM `on_billhead` WHERE ( `restaurant_id` = null ) LIMIT 1  [ RunTime:0.000204s ]
[ 2014-06-12T14:15:08+08:00 ] SQL: SHOW COLUMNS FROM on_user [ RunTime:0.005789s ]
[ 2014-06-12T14:15:08+08:00 ] SQL: SELECT * FROM `on_user` WHERE ( `account` = '2280259901@qq.com' ) AND ( `status` > 0 ) LIMIT 1  [ RunTime:0.000610s ]
[ 2014-06-12T14:15:08+08:00 ] SQL: UPDATE `on_user` SET `last_login_time`=1402553708,`login_count`=login_count+1,`last_login_ip`='127.0.0.1' WHERE id='70' [ RunTime:0.000344s ]
[ 2014-06-12T14:15:08+08:00 ] NOTIC: [8] Undefined index: administrator RBAC.class.php 第 92 行.
[ 2014-06-12T14:15:08+08:00 ] SQL: select node.id,node.name from role as role,role_user as user,access as access ,node as node where user.user_id='70' and user.role_id=role.id and ( access.role_id=role.id  or (access.role_id=role.pid and role.pid!=0 ) ) and role.status=1 and access.node_id=node.id and node.level=1 and node.status=1 [ RunTime:0.000446s ]
[ 2014-06-12T14:15:08+08:00 ] NOTIC: [2] Invalid argument supplied for foreach() RBAC.class.php 第 221 行.
[ 2014-06-12T14:15:09+08:00 ] NOTIC: [2048] Declaration of IndexAction::index() should be compatible with that of CommonAction::index() IndexAction.class.php 第 2 行.
[ 2014-06-12T14:15:09+08:00 ] SQL: SHOW COLUMNS FROM on_restaurant_member [ RunTime:0.005014s ]
[ 2014-06-12T14:15:09+08:00 ] SQL: SHOW COLUMNS FROM on_billhead [ RunTime:0.007080s ]
[ 2014-06-12T14:15:09+08:00 ] NOTIC: [8] Undefined variable: list IndexAction.class.php 第 79 行.
[ 2014-06-12T14:16:07+08:00 ] SQL: SHOW COLUMNS FROM on_user [ RunTime:0.004871s ]
[ 2014-06-12T14:16:07+08:00 ] SQL: SELECT * FROM `on_user` WHERE ( `account` = '2280259901@qq.com' ) AND ( `status` > 0 ) LIMIT 1  [ RunTime:0.000474s ]
[ 2014-06-12T14:16:07+08:00 ] SQL: UPDATE `on_user` SET `last_login_time`=1402553767,`login_count`=login_count+1,`last_login_ip`='127.0.0.1' WHERE id='70' [ RunTime:0.000300s ]
[ 2014-06-12T14:16:07+08:00 ] NOTIC: [8] Undefined index: administrator RBAC.class.php 第 92 行.
[ 2014-06-12T14:16:07+08:00 ] SQL: select node.id,node.name from role as role,role_user as user,access as access ,node as node where user.user_id='70' and user.role_id=role.id and ( access.role_id=role.id  or (access.role_id=role.pid and role.pid!=0 ) ) and role.status=1 and access.node_id=node.id and node.level=1 and node.status=1 [ RunTime:0.000475s ]
[ 2014-06-12T14:16:07+08:00 ] NOTIC: [2] Invalid argument supplied for foreach() RBAC.class.php 第 221 行.
[ 2014-06-12T14:16:09+08:00 ] NOTIC: [2048] Declaration of IndexAction::index() should be compatible with that of CommonAction::index() IndexAction.class.php 第 2 行.
[ 2014-06-12T14:16:09+08:00 ] SQL: SHOW COLUMNS FROM on_restaurant_member [ RunTime:0.006007s ]
[ 2014-06-12T14:16:09+08:00 ] SQL: SHOW COLUMNS FROM on_billhead [ RunTime:0.005455s ]
[ 2014-06-12T14:16:09+08:00 ] SQL: SELECT * FROM `on_restaurant_member` WHERE ( `user_id` = '70' ) [ RunTime:0.000525s ]
[ 2014-06-12T14:16:09+08:00 ] SQL: SELECT COUNT(*) AS tp_count FROM `on_restaurant_member` WHERE ( `user_id` = '70' ) LIMIT 1  [ RunTime:0.000416s ]
[ 2014-06-12T14:16:09+08:00 ] NOTIC: [8] Undefined index: restaurant_id IndexAction.class.php 第 74 行.
[ 2014-06-12T14:16:09+08:00 ] SQL: SELECT COUNT(*) AS tp_count FROM `on_billhead` WHERE ( `restaurant_id` = null ) LIMIT 1  [ RunTime:0.000272s ]
[ 2014-06-12T14:16:11+08:00 ] NOTIC: [2048] Declaration of RestaurantDetailsAction::index() should be compatible with that of CommonAction::index() RestaurantDetailsAction.class.php 第 3 行.
[ 2014-06-12T14:16:11+08:00 ] SQL: SHOW COLUMNS FROM on_restaurant_member [ RunTime:0.008793s ]
[ 2014-06-12T14:16:11+08:00 ] SQL: SELECT * FROM `on_restaurant_member` WHERE ( `id` = '1' ) LIMIT 1  [ RunTime:0.001145s ]
[ 2014-06-12T14:16:11+08:00 ] NOTIC: [8] Undefined index: btnSave RestaurantDetailsAction.class.php 第 99 行.
[ 2014-06-12T14:16:11+08:00 ] NOTIC: [8] Undefined index: announcements_status 02e46478ffea1bfab27c1bde59ca83ef.php 第 262 行.
[ 2014-06-12T14:16:11+08:00 ] NOTIC: [8] Undefined index: announcements_status 02e46478ffea1bfab27c1bde59ca83ef.php 第 263 行.
[ 2014-06-12T14:16:11+08:00 ] NOTIC: [8] Undefined index: facebook_link 02e46478ffea1bfab27c1bde59ca83ef.php 第 284 行.
[ 2014-06-12T14:16:11+08:00 ] NOTIC: [2048] Declaration of RestaurantDetailsAction::index() should be compatible with that of CommonAction::index() RestaurantDetailsAction.class.php 第 3 行.
[ 2014-06-12T14:16:12+08:00 ] SQL: SHOW COLUMNS FROM on_opentime [ RunTime:0.162873s ]
[ 2014-06-12T14:16:12+08:00 ] NOTIC: [8] Undefined index: update RestaurantDetailsAction.class.php 第 147 行.
[ 2014-06-12T14:16:12+08:00 ] SQL: SELECT * FROM `on_opentime` WHERE ( `restaurant_id` = '1' ) LIMIT 1  [ RunTime:0.034993s ]
[ 2014-06-12T14:16:26+08:00 ] SQL: SHOW COLUMNS FROM on_user [ RunTime:0.005724s ]
[ 2014-06-12T14:16:26+08:00 ] SQL: SELECT * FROM `on_user` WHERE ( `account` = 'weqwe' ) AND ( `status` > 0 ) LIMIT 1  [ RunTime:0.000481s ]
[ 2014-06-12T14:16:33+08:00 ] SQL: SHOW COLUMNS FROM on_user [ RunTime:0.004175s ]
[ 2014-06-12T14:16:33+08:00 ] SQL: SELECT * FROM `on_user` WHERE ( `account` = 'qweqweqwe' ) AND ( `status` > 0 ) LIMIT 1  [ RunTime:0.000428s ]
[ 2014-06-12T14:16:41+08:00 ] NOTIC: [2048] Declaration of IndexAction::index() should be compatible with that of CommonAction::index() IndexAction.class.php 第 2 行.
[ 2014-06-12T14:16:41+08:00 ] SQL: SHOW COLUMNS FROM on_restaurant_member [ RunTime:0.012905s ]
[ 2014-06-12T14:16:41+08:00 ] SQL: SHOW COLUMNS FROM on_billhead [ RunTime:0.013976s ]
[ 2014-06-12T14:16:41+08:00 ] NOTIC: [8] Undefined index: authId IndexAction.class.php 第 70 行.
[ 2014-06-12T14:16:41+08:00 ] NOTIC: [8] Undefined variable: list IndexAction.class.php 第 79 行.
[ 2014-06-12T14:18:54+08:00 ] NOTIC: [2048] Declaration of IndexAction::index() should be compatible with that of CommonAction::index() IndexAction.class.php 第 2 行.
[ 2014-06-12T14:18:54+08:00 ] SQL: SHOW COLUMNS FROM on_restaurant_member [ RunTime:0.010759s ]
[ 2014-06-12T14:18:54+08:00 ] SQL: SHOW COLUMNS FROM on_billhead [ RunTime:0.007685s ]
[ 2014-06-12T14:18:54+08:00 ] NOTIC: [8] Undefined index: authId IndexAction.class.php 第 70 行.
[ 2014-06-12T14:18:54+08:00 ] NOTIC: [8] Undefined variable: list IndexAction.class.php 第 79 行.
[ 2014-06-12T14:18:57+08:00 ] NOTIC: [2048] Declaration of IndexAction::index() should be compatible with that of CommonAction::index() IndexAction.class.php 第 2 行.
[ 2014-06-12T14:18:57+08:00 ] SQL: SHOW COLUMNS FROM on_restaurant_member [ RunTime:0.005164s ]
[ 2014-06-12T14:18:57+08:00 ] SQL: SHOW COLUMNS FROM on_billhead [ RunTime:0.006985s ]
[ 2014-06-12T14:18:57+08:00 ] NOTIC: [8] Undefined index: authId IndexAction.class.php 第 70 行.
[ 2014-06-12T14:18:57+08:00 ] NOTIC: [8] Undefined variable: list IndexAction.class.php 第 79 行.
