[ 2012-06-13T16:30:18+08:00 ] ERR: 删除imagesKankan: ok
[ 2012-06-13T16:33:49+08:00 ] ERR: 删除imagesKankan: ok
[ 2012-06-13T16:37:38+08:00 ] ERR: 删除imagesKankan: ok
[ 2012-06-13T16:37:38+08:00 ] ERR: 删除imagesKankan: ok
[ 2012-06-13T16:37:38+08:00 ] ERR: 删除imagesKankan: ok
[ 2012-06-14T12:07:43+08:00 ] ERR: 删除image:1 ok
[ 2012-06-14T12:08:42+08:00 ] ERR: 删除images:1 ok
[ 2012-06-14T12:15:53+08:00 ] ERR: 删除image_image_304754:data/Image/123/2/201252134254343.jpg
[ 2012-06-14T12:15:53+08:00 ] ERR: 删除image:304754 ok
[ 2012-06-14T12:15:53+08:00 ] ERR: 删除image_image_304753:data/Image/123/2/201252134254296.jpg
[ 2012-06-14T12:16:20+08:00 ] ERR: 删除image_image_304751:data/Image/123/1/201252134254265.jpg
[ 2012-06-14T12:16:20+08:00 ] ERR: 删除image:304751 ok
[ 2012-06-14T12:16:20+08:00 ] ERR: 删除image_image_304750:data/Image/123/1/201252134254312.jpg
[ 2012-06-14T12:20:22+08:00 ] ERR: 删除images:52488 ok
[ 2012-06-14T12:20:48+08:00 ] ERR: 删除images:52489 ok
[ 2012-06-14T12:23:25+08:00 ] ERR: 删除image_image_304761:data/Image/123/3/201252134254328.jpg
[ 2012-06-14T12:23:25+08:00 ] ERR: 删除image:304761 ok
[ 2012-06-14T12:23:25+08:00 ] ERR: 删除image_image_304760:data/Image/123/3/201252134254343.jpg
[ 2012-06-14T12:24:33+08:00 ] ERR: 删除images:52490 ok
[ 2012-06-14T13:38:16+08:00 ] ERR: 删除image_image_304765:data/Image/123/2/201252134254265.jpg
[ 2012-06-14T13:38:16+08:00 ] ERR: 删除image:304765 ok
[ 2012-06-14T13:38:16+08:00 ] ERR: 删除image_image_304764:data/Image/123/2/201252134254312.jpg
[ 2012-06-14T13:46:54+08:00 ] ERR: 删除images:52491 ok
[ 2012-06-14T13:52:07+08:00 ] ERR: 删除image_image_304767:data/Image/123/2/201252134254328.jpg
[ 2012-06-14T13:52:07+08:00 ] ERR: 删除image:304767 ok
[ 2012-06-14T14:01:47+08:00 ] ERR: 删除images:52492 ok
[ 2012-06-14T14:07:14+08:00 ] ERR: 删除image_image_304773:data/Image/123/1/201252134254265.jpg
[ 2012-06-14T14:07:14+08:00 ] ERR: 删除image:304773 ok
[ 2012-06-14T14:07:14+08:00 ] ERR: 删除image_image_304772:data/Image/123/1/201252134254312.jpg
[ 2012-06-14T14:07:14+08:00 ] ERR: 删除image:304772 ok
[ 2012-06-14T14:07:14+08:00 ] ERR: 删除image_image_304771:data/Image/123/1/201252134254328.jpg
[ 2012-06-14T14:07:14+08:00 ] ERR: 删除image:304771 ok
[ 2012-06-14T14:07:14+08:00 ] ERR: 删除image_image_304770:data/Image/123/1/201252134254343.jpg
[ 2012-06-14T14:07:14+08:00 ] ERR: 删除image:304770 ok
[ 2012-06-14T14:07:14+08:00 ] ERR: 删除image_image_304769:data/Image/123/1/201252134254296.jpg
[ 2012-06-14T14:07:14+08:00 ] ERR: 删除image:304769 ok
[ 2012-06-14T14:07:14+08:00 ] ERR: 删除image_image_304768:data/Image/123/1/201252134254281.jpg
[ 2012-06-14T14:07:14+08:00 ] ERR: 删除image:304768 ok
[ 2012-06-14T14:07:14+08:00 ] ERR: 删除images:52493 ok
[ 2012-06-14T14:12:55+08:00 ] ERR: 删除image:304779 ok
[ 2012-06-14T14:12:55+08:00 ] ERR: 删除image_image_304778:data/Image/123/1/201252134254312.jpg
[ 2012-06-14T14:12:55+08:00 ] ERR: 删除image:304778 ok
[ 2012-06-14T14:12:55+08:00 ] ERR: 删除image_image_304777:data/Image/123/1/201252134254328.jpg
[ 2012-06-14T14:12:55+08:00 ] ERR: 删除image:304777 ok
[ 2012-06-14T14:12:55+08:00 ] ERR: 删除image_image_304776:data/Image/123/1/201252134254343.jpg
[ 2012-06-14T14:12:55+08:00 ] ERR: 删除image:304776 ok
[ 2012-06-14T14:12:55+08:00 ] ERR: 删除image_image_304775:data/Image/123/1/201252134254296.jpg
[ 2012-06-14T14:12:55+08:00 ] ERR: 删除image:304775 ok
[ 2012-06-14T14:12:55+08:00 ] ERR: 删除image_image_304774:data/Image/123/1/201252134254281.jpg
[ 2012-06-14T14:12:55+08:00 ] ERR: 删除image:304774 ok
[ 2012-06-14T14:12:55+08:00 ] ERR: 删除images:52494 ok
[ 2012-06-14T14:21:49+08:00 ] ERR: 删除image_image_304785:data/Image/123/1/201252134254265.jpg
[ 2012-06-14T14:21:49+08:00 ] ERR: 删除images_52495:data/Image/123/1/images_conf.txt
[ 2012-06-14T14:21:49+08:00 ] ERR: 删除images_52495:data/Image/123/1/config.lock
[ 2012-06-14T14:21:49+08:00 ] ERR: 删除image:304785 ok
[ 2012-06-14T14:21:49+08:00 ] ERR: 删除image_image_304784:data/Image/123/1/201252134254312.jpg
[ 2012-06-14T14:21:49+08:00 ] ERR: 删除image:304784 ok
[ 2012-06-14T14:21:49+08:00 ] ERR: 删除image_image_304783:data/Image/123/1/201252134254328.jpg
[ 2012-06-14T14:21:49+08:00 ] ERR: 删除image:304783 ok
[ 2012-06-14T14:21:49+08:00 ] ERR: 删除image_image_304782:data/Image/123/1/201252134254343.jpg
[ 2012-06-14T14:21:49+08:00 ] ERR: 删除image:304782 ok
[ 2012-06-14T14:21:49+08:00 ] ERR: 删除image_image_304781:data/Image/123/1/201252134254296.jpg
[ 2012-06-14T14:21:49+08:00 ] ERR: 删除image:304781 ok
[ 2012-06-14T14:21:49+08:00 ] ERR: 删除image_image_304780:data/Image/123/1/201252134254281.jpg
[ 2012-06-14T14:21:49+08:00 ] ERR: 删除image:304780 ok
[ 2012-06-14T14:21:49+08:00 ] ERR: 删除images:52495 ok
[ 2012-06-14T14:47:58+08:00 ] ERR: 删除image_image_304791:data/Image/123/1/201252134254265.jpg
[ 2012-06-14T14:47:58+08:00 ] ERR: 删除images_52496:data/Image/123/1/images_conf.txt
[ 2012-06-14T14:47:58+08:00 ] ERR: 删除images_52496:data/Image/123/1/config.lock
[ 2012-06-14T14:47:58+08:00 ] ERR: 删除image:304791 ok
[ 2012-06-14T14:47:58+08:00 ] ERR: 删除image_image_304790:data/Image/123/1/201252134254312.jpg
[ 2012-06-14T14:47:58+08:00 ] ERR: 删除image:304790 ok
[ 2012-06-14T14:47:58+08:00 ] ERR: 删除image_image_304789:data/Image/123/1/201252134254328.jpg
[ 2012-06-14T14:47:58+08:00 ] ERR: 删除image:304789 ok
[ 2012-06-14T14:47:58+08:00 ] ERR: 删除image_image_304788:data/Image/123/1/201252134254343.jpg
[ 2012-06-14T14:47:58+08:00 ] ERR: 删除image:304788 ok
[ 2012-06-14T14:47:58+08:00 ] ERR: 删除image_image_304787:data/Image/123/1/201252134254296.jpg
[ 2012-06-14T14:47:59+08:00 ] ERR: 删除image:304787 ok
[ 2012-06-14T14:47:59+08:00 ] ERR: 删除image_image_304786:data/Image/123/1/201252134254281.jpg
[ 2012-06-14T14:47:59+08:00 ] ERR: 删除image:304786 ok
[ 2012-06-14T14:47:59+08:00 ] ERR: 删除images:52496 ok
[ 2012-06-14T17:54:38+08:00 ] ERR: 删除node:2457 ok
[ 2012-06-21T15:22:35+08:00 ] ERR: 删除image:304713 ok
[ 2012-06-21T15:22:35+08:00 ] ERR: 删除image:304714 ok
[ 2012-06-21T15:22:35+08:00 ] ERR: 删除image:304715 ok
[ 2012-06-21T15:22:35+08:00 ] ERR: 删除image:304716 ok
[ 2012-06-21T15:22:35+08:00 ] ERR: 删除image:304717 ok
[ 2012-06-21T15:22:35+08:00 ] ERR: 删除image:304718 ok
[ 2012-06-21T15:22:35+08:00 ] ERR: 删除image:304719 ok
[ 2012-06-21T15:22:35+08:00 ] ERR: 删除image:304720 ok
[ 2012-06-21T15:22:35+08:00 ] ERR: 删除image:304721 ok
[ 2012-06-21T15:22:35+08:00 ] ERR: 删除image:304722 ok
[ 2012-06-21T15:22:35+08:00 ] ERR: 删除image:304723 ok
[ 2012-06-21T15:22:35+08:00 ] ERR: 删除images:52485 ok
[ 2013-01-29T11:42:02+08:00 ] ERR: 删除image:304647 ok
[ 2013-01-29T11:42:02+08:00 ] ERR: 删除image:304648 ok
[ 2013-01-29T11:42:02+08:00 ] ERR: 删除image:304649 ok
[ 2013-01-29T11:42:02+08:00 ] ERR: 删除image:304650 ok
[ 2013-01-29T11:42:02+08:00 ] ERR: 删除image:304651 ok
[ 2013-01-29T11:42:02+08:00 ] ERR: 删除image:304652 ok
[ 2013-01-29T11:42:02+08:00 ] ERR: 删除image:304653 ok
[ 2013-01-29T11:42:02+08:00 ] ERR: 删除image:304654 ok
[ 2013-01-29T11:42:02+08:00 ] ERR: 删除image:304655 ok
[ 2013-01-29T11:42:02+08:00 ] ERR: 删除image:304656 ok
[ 2013-01-29T11:42:02+08:00 ] ERR: 删除image:304657 ok
[ 2013-01-29T11:42:02+08:00 ] ERR: 删除images:52479 ok
[ 2013-01-29T11:42:12+08:00 ] ERR: 删除image_image_304758:data/Image/wallpaper/9f10648f/201301/70430c5b5b7d745618a5b6bbb1da8d0e.jpg
[ 2013-01-29T11:42:12+08:00 ] ERR: 删除image:304758 ok
[ 2013-01-29T11:42:12+08:00 ] ERR: 删除images:52500 ok
